<?xml version="1.0" encoding="UTF-8"?>
<!-- Generated by org.testng.reporters.JUnitXMLReporter -->
<testsuite ignored="0" hostname="Guru" failures="1" tests="1" name="Test" time="38.224" errors="0" timestamp="2023-12-29T23:17:32 IST">
  <testcase classname="testCases.FlightTestCases" name="searchFlights" time="37.514">
    <failure type="org.openqa.selenium.ElementClickInterceptedException" message="Element &amp;lt;span class=&amp;quot;ddlabel&amp;quot;&amp;gt; is not clickable at point (217,602) because another element &amp;lt;iframe id=&amp;quot;webpush-onsite&amp;quot; name=&amp;quot;webpush-onsite&amp;quot;&amp;gt; obscures it
Build info: version: &amp;apos;4.15.0&amp;apos;, revision: &amp;apos;1d14b5521b&amp;apos;
System info: os.name: &amp;apos;Windows 11&amp;apos;, os.arch: &amp;apos;amd64&amp;apos;, os.version: &amp;apos;10.0&amp;apos;, java.version: &amp;apos;20.0.1&amp;apos;
Driver info: org.openqa.selenium.firefox.FirefoxDriver
Command: [6f3e91ee-915b-4515-abfe-2a3d6ec98352, clickElement {id=78c5c678-97ba-44d1-86be-a6f058dc97c6}]
Capabilities {acceptInsecureCerts: true, browserName: firefox, browserVersion: 121.0, moz:accessibilityChecks: false, moz:buildID: 20231211174248, moz:debuggerAddress: 127.0.0.1:34776, moz:geckodriverVersion: 0.33.0, moz:headless: false, moz:platformVersion: 10.0, moz:processID: 14632, moz:profile: C:\Users\gsdra\AppData\Loca..., moz:shutdownTimeout: 60000, moz:webdriverClick: true, moz:windowless: false, pageLoadStrategy: normal, platformName: windows, proxy: Proxy(), se:cdp: ws://127.0.0.1:34776/devtoo..., se:cdpVersion: 85.0, setWindowRect: true, strictFileInteractability: false, timeouts: {implicit: 0, pageLoad: 300000, script: 30000}, unhandledPromptBehavior: dismiss and notify}
Element: [[FirefoxDriver: firefox on windows (6f3e91ee-915b-4515-abfe-2a3d6ec98352)] -&amp;gt; xpath: //li[@class=&amp;apos;enabled _msddli_&amp;apos;  or @class=&amp;apos;enabled _msddli_ selected&amp;apos;]/span[text()=&amp;apos;Business&amp;apos;]]
Session ID: 6f3e91ee-915b-4515-abfe-2a3d6ec98352">
      <![CDATA[org.openqa.selenium.ElementClickInterceptedException: Element <span class="ddlabel"> is not clickable at point (217,602) because another element <iframe id="webpush-onsite" name="webpush-onsite"> obscures it
Build info: version: '4.15.0', revision: '1d14b5521b'
System info: os.name: 'Windows 11', os.arch: 'amd64', os.version: '10.0', java.version: '20.0.1'
Driver info: org.openqa.selenium.firefox.FirefoxDriver
Command: [6f3e91ee-915b-4515-abfe-2a3d6ec98352, clickElement {id=78c5c678-97ba-44d1-86be-a6f058dc97c6}]
Capabilities {acceptInsecureCerts: true, browserName: firefox, browserVersion: 121.0, moz:accessibilityChecks: false, moz:buildID: 20231211174248, moz:debuggerAddress: 127.0.0.1:34776, moz:geckodriverVersion: 0.33.0, moz:headless: false, moz:platformVersion: 10.0, moz:processID: 14632, moz:profile: C:\Users\gsdra\AppData\Loca..., moz:shutdownTimeout: 60000, moz:webdriverClick: true, moz:windowless: false, pageLoadStrategy: normal, platformName: windows, proxy: Proxy(), se:cdp: ws://127.0.0.1:34776/devtoo..., se:cdpVersion: 85.0, setWindowRect: true, strictFileInteractability: false, timeouts: {implicit: 0, pageLoad: 300000, script: 30000}, unhandledPromptBehavior: dismiss and notify}
Element: [[FirefoxDriver: firefox on windows (6f3e91ee-915b-4515-abfe-2a3d6ec98352)] -> xpath: //li[@class='enabled _msddli_'  or @class='enabled _msddli_ selected']/span[text()='Business']]
Session ID: 6f3e91ee-915b-4515-abfe-2a3d6ec98352
at org.openqa.selenium.remote.codec.w3c.W3CHttpResponseCodec.createException(W3CHttpResponseCodec.java:200)
at org.openqa.selenium.remote.codec.w3c.W3CHttpResponseCodec.decode(W3CHttpResponseCodec.java:133)
at org.openqa.selenium.remote.codec.w3c.W3CHttpResponseCodec.decode(W3CHttpResponseCodec.java:52)
at org.openqa.selenium.remote.HttpCommandExecutor.execute(HttpCommandExecutor.java:191)
at org.openqa.selenium.remote.service.DriverCommandExecutor.invokeExecute(DriverCommandExecutor.java:200)
at org.openqa.selenium.remote.service.DriverCommandExecutor.execute(DriverCommandExecutor.java:175)
at org.openqa.selenium.remote.RemoteWebDriver.execute(RemoteWebDriver.java:607)
at org.openqa.selenium.remote.RemoteWebElement.execute(RemoteWebElement.java:224)
at org.openqa.selenium.remote.RemoteWebElement.click(RemoteWebElement.java:77)
at org.openqa.selenium.support.pagefactory.internal.LocatingElementHandler.invoke(LocatingElementHandler.java:51)
at jdk.proxy2/jdk.proxy2.$Proxy12.click(Unknown Source)
at pageObject.FlightHome.selectBusinessClass(FlightHome.java:162)
at testCases.FlightTestCases.searchFlights(FlightTestCases.java:24)
at java.base/java.util.ArrayList.forEach(ArrayList.java:1511)
... Removed 30 stack frames]]>
    </failure>
  </testcase> <!-- searchFlights -->
</testsuite> <!-- Test -->
