<?xml version="1.0" encoding="UTF-8"?>
<testng-results ignored="0" total="1" passed="1" failed="0" skipped="0">
  <reporter-output>
  </reporter-output>
  <suite started-at="2023-12-29T23:20:22 IST" name="Default suite" finished-at="2023-12-29T23:21:12 IST" duration-ms="50830">
    <groups>
    </groups>
    <test started-at="2023-12-29T23:20:22 IST" name="Default test" finished-at="2023-12-29T23:21:12 IST" duration-ms="50830">
      <class name="testCases.FlightTestCases">
        <test-method signature="searchFlights()[pri:0, instance:testCases.FlightTestCases@4c583ecf]" started-at="2023-12-29T23:20:22 IST" name="searchFlights" finished-at="2023-12-29T23:21:12 IST" duration-ms="50776" status="PASS">
          <reporter-output>
          </reporter-output>
        </test-method> <!-- searchFlights -->
      </class> <!-- testCases.FlightTestCases -->
    </test> <!-- Default test -->
  </suite> <!-- Default suite -->
</testng-results>
